<?xml version="1.0" encoding="UTF-8"?>
<testsuite name="tests.LoginTest" tests="3" skipped="2" failures="1" errors="0" timestamp="2022-08-29T08:35:45" hostname="MacBook-Air-Alevtina.local" time="0.008">
  <properties/>
  <testcase name="preCondition" classname="tests.LoginTest" time="0.007">
    <failure message="org.openqa.selenium.NoSuchWindowException: no such window: target window already closed&#10;from unknown error: web view not found&#10;  (Session info: chrome=104.0.5112.101)&#10;Build info: version: '3.141.59', revision: 'e82be7d358', time: '2018-11-14T08:17:03'&#10;System info: host: 'MacBook-Air-Alevtina.local', ip: 'fe80:0:0:0:23:ccf3:4b60:2a7b%en0', os.name: 'Mac OS X', os.arch: 'aarch64', os.version: '12.5.1', java.version: '11.0.15'&#10;Driver info: org.openqa.selenium.chrome.ChromeDriver&#10;Capabilities {acceptInsecureCerts: false, browserName: chrome, browserVersion: 104.0.5112.101, chrome: {chromedriverVersion: 103.0.5060.53 (a1711811edd7..., userDataDir: /var/folders/t_/x6qf956d4j5...}, goog:chromeOptions: {debuggerAddress: localhost:64598}, javascriptEnabled: true, networkConnectionEnabled: false, pageLoadStrategy: normal, platform: MAC, platformName: MAC, proxy: Proxy(), setWindowRect: true, strictFileInteractability: false, timeouts: {implicit: 0, pageLoad: 300000, script: 30000}, unhandledPromptBehavior: dismiss and notify, webauthn:extension:credBlob: true, webauthn:extension:largeBlob: true, webauthn:virtualAuthenticators: true}&#10;Session ID: ba6447e8b3f4d07c0d62d38e1c9d69ae" type="org.openqa.selenium.NoSuchWindowException">org.openqa.selenium.NoSuchWindowException: no such window: target window already closed
from unknown error: web view not found
  (Session info: chrome=104.0.5112.101)
Build info: version: '3.141.59', revision: 'e82be7d358', time: '2018-11-14T08:17:03'
System info: host: 'MacBook-Air-Alevtina.local', ip: 'fe80:0:0:0:23:ccf3:4b60:2a7b%en0', os.name: 'Mac OS X', os.arch: 'aarch64', os.version: '12.5.1', java.version: '11.0.15'
Driver info: org.openqa.selenium.chrome.ChromeDriver
Capabilities {acceptInsecureCerts: false, browserName: chrome, browserVersion: 104.0.5112.101, chrome: {chromedriverVersion: 103.0.5060.53 (a1711811edd7..., userDataDir: /var/folders/t_/x6qf956d4j5...}, goog:chromeOptions: {debuggerAddress: localhost:64598}, javascriptEnabled: true, networkConnectionEnabled: false, pageLoadStrategy: normal, platform: MAC, platformName: MAC, proxy: Proxy(), setWindowRect: true, strictFileInteractability: false, timeouts: {implicit: 0, pageLoad: 300000, script: 30000}, unhandledPromptBehavior: dismiss and notify, webauthn:extension:credBlob: true, webauthn:extension:largeBlob: true, webauthn:virtualAuthenticators: true}
Session ID: ba6447e8b3f4d07c0d62d38e1c9d69ae
	at java.base@11.0.15/jdk.internal.reflect.NativeConstructorAccessorImpl.newInstance0(Native Method)
	at java.base@11.0.15/jdk.internal.reflect.NativeConstructorAccessorImpl.newInstance(NativeConstructorAccessorImpl.java:62)
	at java.base@11.0.15/jdk.internal.reflect.DelegatingConstructorAccessorImpl.newInstance(DelegatingConstructorAccessorImpl.java:45)
	at java.base@11.0.15/java.lang.reflect.Constructor.newInstance(Constructor.java:490)
	at app//org.openqa.selenium.remote.http.W3CHttpResponseCodec.createException(W3CHttpResponseCodec.java:187)
	at app//org.openqa.selenium.remote.http.W3CHttpResponseCodec.decode(W3CHttpResponseCodec.java:122)
	at app//org.openqa.selenium.remote.http.W3CHttpResponseCodec.decode(W3CHttpResponseCodec.java:49)
	at app//org.openqa.selenium.remote.HttpCommandExecutor.execute(HttpCommandExecutor.java:158)
	at app//org.openqa.selenium.remote.service.DriverCommandExecutor.execute(DriverCommandExecutor.java:83)
	at app//org.openqa.selenium.remote.RemoteWebDriver.execute(RemoteWebDriver.java:552)
	at app//org.openqa.selenium.remote.RemoteWebDriver.execute(RemoteWebDriver.java:609)
	at app//org.openqa.selenium.remote.RemoteWebDriver.getScreenshotAs(RemoteWebDriver.java:295)
	at app//manager.HelperBase.takeScreenShot(HelperBase.java:44)
	at app//manager.MyListener.onException(MyListener.java:39)
	at java.base@11.0.15/jdk.internal.reflect.NativeMethodAccessorImpl.invoke0(Native Method)
	at java.base@11.0.15/jdk.internal.reflect.NativeMethodAccessorImpl.invoke(NativeMethodAccessorImpl.java:62)
	at java.base@11.0.15/jdk.internal.reflect.DelegatingMethodAccessorImpl.invoke(DelegatingMethodAccessorImpl.java:43)
	at java.base@11.0.15/java.lang.reflect.Method.invoke(Method.java:566)
	at app//org.openqa.selenium.support.events.EventFiringWebDriver.lambda$new$0(EventFiringWebDriver.java:84)
	at app//com.sun.proxy.$Proxy13.onException(Unknown Source)
	at app//org.openqa.selenium.support.events.EventFiringWebDriver.lambda$new$1(EventFiringWebDriver.java:107)
	at app//com.sun.proxy.$Proxy14.findElements(Unknown Source)
	at app//org.openqa.selenium.support.events.EventFiringWebDriver.findElements(EventFiringWebDriver.java:182)
	at app//manager.HelperBase.isElementPresent(HelperBase.java:20)
	at app//manager.HelperUser.isLogged(HelperUser.java:21)
	at app//tests.LoginTest.preCondition(LoginTest.java:27)
	at java.base@11.0.15/jdk.internal.reflect.NativeMethodAccessorImpl.invoke0(Native Method)
	at java.base@11.0.15/jdk.internal.reflect.NativeMethodAccessorImpl.invoke(NativeMethodAccessorImpl.java:62)
	at java.base@11.0.15/jdk.internal.reflect.DelegatingMethodAccessorImpl.invoke(DelegatingMethodAccessorImpl.java:43)
	at java.base@11.0.15/java.lang.reflect.Method.invoke(Method.java:566)
	at app//org.testng.internal.MethodInvocationHelper.invokeMethod(MethodInvocationHelper.java:133)
	at app//org.testng.internal.MethodInvocationHelper.invokeMethodConsideringTimeout(MethodInvocationHelper.java:62)
	at app//org.testng.internal.ConfigInvoker.invokeConfigurationMethod(ConfigInvoker.java:385)
	at app//org.testng.internal.ConfigInvoker.invokeConfigurations(ConfigInvoker.java:321)
	at app//org.testng.internal.TestInvoker.runConfigMethods(TestInvoker.java:700)
	at app//org.testng.internal.TestInvoker.invokeMethod(TestInvoker.java:527)
	at app//org.testng.internal.TestInvoker.invokeTestMethod(TestInvoker.java:173)
	at app//org.testng.internal.MethodRunner.runInSequence(MethodRunner.java:46)
	at app//org.testng.internal.TestInvoker$MethodInvocationAgent.invoke(TestInvoker.java:824)
	at app//org.testng.internal.TestInvoker.invokeTestMethods(TestInvoker.java:146)
	at app//org.testng.internal.TestMethodWorker.invokeTestMethods(TestMethodWorker.java:146)
	at app//org.testng.internal.TestMethodWorker.run(TestMethodWorker.java:128)
	at java.base@11.0.15/java.util.ArrayList.forEach(ArrayList.java:1541)
	at app//org.testng.TestRunner.privateRun(TestRunner.java:794)
	at app//org.testng.TestRunner.run(TestRunner.java:596)
	at app//org.testng.SuiteRunner.runTest(SuiteRunner.java:377)
	at app//org.testng.SuiteRunner.runSequentially(SuiteRunner.java:371)
	at app//org.testng.SuiteRunner.privateRun(SuiteRunner.java:332)
	at app//org.testng.SuiteRunner.run(SuiteRunner.java:276)
	at app//org.testng.SuiteRunnerWorker.runSuite(SuiteRunnerWorker.java:53)
	at app//org.testng.SuiteRunnerWorker.run(SuiteRunnerWorker.java:96)
	at app//org.testng.TestNG.runSuitesSequentially(TestNG.java:1212)
	at app//org.testng.TestNG.runSuitesLocally(TestNG.java:1134)
	at app//org.testng.TestNG.runSuites(TestNG.java:1063)
	at app//org.testng.TestNG.run(TestNG.java:1031)
	at org.gradle.api.internal.tasks.testing.testng.TestNGTestClassProcessor.runTests(TestNGTestClassProcessor.java:141)
	at org.gradle.api.internal.tasks.testing.testng.TestNGTestClassProcessor.stop(TestNGTestClassProcessor.java:90)
	at org.gradle.api.internal.tasks.testing.SuiteTestClassProcessor.stop(SuiteTestClassProcessor.java:61)
	at java.base@11.0.15/jdk.internal.reflect.NativeMethodAccessorImpl.invoke0(Native Method)
	at java.base@11.0.15/jdk.internal.reflect.NativeMethodAccessorImpl.invoke(NativeMethodAccessorImpl.java:62)
	at java.base@11.0.15/jdk.internal.reflect.DelegatingMethodAccessorImpl.invoke(DelegatingMethodAccessorImpl.java:43)
	at java.base@11.0.15/java.lang.reflect.Method.invoke(Method.java:566)
	at org.gradle.internal.dispatch.ReflectionDispatch.dispatch(ReflectionDispatch.java:36)
	at org.gradle.internal.dispatch.ReflectionDispatch.dispatch(ReflectionDispatch.java:24)
	at org.gradle.internal.dispatch.ContextClassLoaderDispatch.dispatch(ContextClassLoaderDispatch.java:33)
	at org.gradle.internal.dispatch.ProxyDispatchAdapter$DispatchingInvocationHandler.invoke(ProxyDispatchAdapter.java:94)
	at com.sun.proxy.$Proxy2.stop(Unknown Source)
	at org.gradle.api.internal.tasks.testing.worker.TestWorker$3.run(TestWorker.java:193)
	at org.gradle.api.internal.tasks.testing.worker.TestWorker.executeAndMaintainThreadName(TestWorker.java:129)
	at org.gradle.api.internal.tasks.testing.worker.TestWorker.execute(TestWorker.java:100)
	at org.gradle.api.internal.tasks.testing.worker.TestWorker.execute(TestWorker.java:60)
	at org.gradle.process.internal.worker.child.ActionExecutionWorker.execute(ActionExecutionWorker.java:56)
	at org.gradle.process.internal.worker.child.SystemApplicationClassLoaderWorker.call(SystemApplicationClassLoaderWorker.java:133)
	at org.gradle.process.internal.worker.child.SystemApplicationClassLoaderWorker.call(SystemApplicationClassLoaderWorker.java:71)
	at app//worker.org.gradle.process.internal.worker.GradleWorkerMain.run(GradleWorkerMain.java:69)
	at app//worker.org.gradle.process.internal.worker.GradleWorkerMain.main(GradleWorkerMain.java:74)
</failure>
  </testcase>
  <testcase name="loginPositiveTest" classname="tests.LoginTest" time="0.0">
    <skipped/>
  </testcase>
  <testcase name="loginTestModel" classname="tests.LoginTest" time="0.0">
    <skipped/>
  </testcase>
  <system-out><![CDATA[11:35:45INFO tests.TestBase - Starts test ---> loginPositiveTest
11:35:45INFO manager.MyListener - Start searching element by ---> By.xpath: (//*[text()='Sign Out'])
11:35:45INFO manager.MyListener - SOMETHING WENT WRONG!!!
11:35:45INFO manager.MyListener - no such window: target window already closed
from unknown error: web view not found
  (Session info: chrome=104.0.5112.101)
Build info: version: '3.141.59', revision: 'e82be7d358', time: '2018-11-14T08:17:03'
System info: host: 'MacBook-Air-Alevtina.local', ip: 'fe80:0:0:0:23:ccf3:4b60:2a7b%en0', os.name: 'Mac OS X', os.arch: 'aarch64', os.version: '12.5.1', java.version: '11.0.15'
Driver info: org.openqa.selenium.chrome.ChromeDriver
Capabilities {acceptInsecureCerts: false, browserName: chrome, browserVersion: 104.0.5112.101, chrome: {chromedriverVersion: 103.0.5060.53 (a1711811edd7..., userDataDir: /var/folders/t_/x6qf956d4j5...}, goog:chromeOptions: {debuggerAddress: localhost:64598}, javascriptEnabled: true, networkConnectionEnabled: false, pageLoadStrategy: normal, platform: MAC, platformName: MAC, proxy: Proxy(), setWindowRect: true, strictFileInteractability: false, timeouts: {implicit: 0, pageLoad: 300000, script: 30000}, unhandledPromptBehavior: dismiss and notify, webauthn:extension:credBlob: true, webauthn:extension:largeBlob: true, webauthn:virtualAuthenticators: true}
Session ID: ba6447e8b3f4d07c0d62d38e1c9d69ae
*** Element info: {Using=xpath, value=(//*[text()='Sign Out'])}
11:35:45INFO manager.MyListener - org.openqa.selenium.NoSuchWindowException: no such window: target window already closed
from unknown error: web view not found
  (Session info: chrome=104.0.5112.101)
Build info: version: '3.141.59', revision: 'e82be7d358', time: '2018-11-14T08:17:03'
System info: host: 'MacBook-Air-Alevtina.local', ip: 'fe80:0:0:0:23:ccf3:4b60:2a7b%en0', os.name: 'Mac OS X', os.arch: 'aarch64', os.version: '12.5.1', java.version: '11.0.15'
Driver info: org.openqa.selenium.chrome.ChromeDriver
Capabilities {acceptInsecureCerts: false, browserName: chrome, browserVersion: 104.0.5112.101, chrome: {chromedriverVersion: 103.0.5060.53 (a1711811edd7..., userDataDir: /var/folders/t_/x6qf956d4j5...}, goog:chromeOptions: {debuggerAddress: localhost:64598}, javascriptEnabled: true, networkConnectionEnabled: false, pageLoadStrategy: normal, platform: MAC, platformName: MAC, proxy: Proxy(), setWindowRect: true, strictFileInteractability: false, timeouts: {implicit: 0, pageLoad: 300000, script: 30000}, unhandledPromptBehavior: dismiss and notify, webauthn:extension:credBlob: true, webauthn:extension:largeBlob: true, webauthn:virtualAuthenticators: true}
Session ID: ba6447e8b3f4d07c0d62d38e1c9d69ae
*** Element info: {Using=xpath, value=(//*[text()='Sign Out'])}
]]></system-out>
  <system-err><![CDATA[]]></system-err>
</testsuite>
